Arguments: 
  /usr/local/bin/node /opt/yarn-v1.22.4/bin/yarn.js config get npmRegistryServer

PATH: 
  /app/node_modules/.bin:/node_modules/.bin:/usr/local/bin:/usr/local/sbin:/usr/local/bin:/usr/sbin:/usr/bin:/sbin:/bin

Yarn version: 
  1.22.4

Node version: 
  12.18.3

Platform: 
  linux x64

Trace: 
  Error: EPERM: operation not permitted, scandir '/app'

npm manifest: 
  {
    "name": "app",
    "version": "0.1.0",
    "private": true,
    "devDependencies": {
      "@vue/cli-plugin-babel": "~4.5.0",
      "@vue/cli-plugin-eslint": "~4.5.0",
      "@vue/cli-service": "~4.5.0"
    },
    "readme": "ERROR: No README data found!",
    "_id": "app@0.1.0"
  }

yarn manifest: 
  No manifest

Lockfile: 
  No lockfile
